[debug] [2025-08-09T00:39:43.703Z] ----------------------------------------------------------------------
[debug] [2025-08-09T00:39:43.705Z] Command:       /usr/local/share/nvm/versions/node/v20.19.0/bin/node /home/codespace/nvm/current/bin/firebase deploy --only hosting
[debug] [2025-08-09T00:39:43.706Z] CLI Version:   14.11.2
[debug] [2025-08-09T00:39:43.706Z] Platform:      linux
[debug] [2025-08-09T00:39:43.706Z] Node Version:  v20.19.0
[debug] [2025-08-09T00:39:43.706Z] Time:          Sat Aug 09 2025 00:39:43 GMT+0000 (Coordinated Universal Time)
[debug] [2025-08-09T00:39:43.707Z] Env Overrides: GITHUB_API_URL, GITHUB_API_URL
[debug] [2025-08-09T00:39:43.707Z] ----------------------------------------------------------------------
[debug] 
[debug] [2025-08-09T00:39:43.709Z] >>> [apiv2][query] GET https://firebase-public.firebaseio.com/cli.json [none]
[debug] [2025-08-09T00:39:44.435Z] > command requires scopes: ["email","openid","https://www.googleapis.com/auth/cloudplatformprojects.readonly","https://www.googleapis.com/auth/firebase","https://www.googleapis.com/auth/cloud-platform"]
[debug] [2025-08-09T00:39:44.435Z] > authorizing via signed-in user (odineyes2@gmail.com)
[debug] [2025-08-09T00:39:44.435Z] [iam] checking project studia-32dc7 for permissions ["firebase.projects.get","firebasehosting.sites.update"]
[debug] [2025-08-09T00:39:44.436Z] Checked if tokens are valid: false, expires at: 1754427421443
[debug] [2025-08-09T00:39:44.437Z] Checked if tokens are valid: false, expires at: 1754427421443
[debug] [2025-08-09T00:39:44.437Z] > refreshing access token with scopes: []
[debug] [2025-08-09T00:39:44.439Z] >>> [apiv2][query] POST https://www.googleapis.com/oauth2/v3/token [none]
[debug] [2025-08-09T00:39:44.439Z] >>> [apiv2][body] POST https://www.googleapis.com/oauth2/v3/token [omitted]
[debug] [2025-08-09T00:39:44.517Z] <<< [apiv2][status] POST https://www.googleapis.com/oauth2/v3/token 200
[debug] [2025-08-09T00:39:44.517Z] <<< [apiv2][body] POST https://www.googleapis.com/oauth2/v3/token [omitted]
[debug] [2025-08-09T00:39:44.525Z] >>> [apiv2][query] POST https://cloudresourcemanager.googleapis.com/v1/projects/studia-32dc7:testIamPermissions [none]
[debug] [2025-08-09T00:39:44.526Z] >>> [apiv2][(partial)header] POST https://cloudresourcemanager.googleapis.com/v1/projects/studia-32dc7:testIamPermissions x-goog-quota-user=projects/studia-32dc7
[debug] [2025-08-09T00:39:44.526Z] >>> [apiv2][body] POST https://cloudresourcemanager.googleapis.com/v1/projects/studia-32dc7:testIamPermissions {"permissions":["firebase.projects.get","firebasehosting.sites.update"]}
[debug] [2025-08-09T00:39:44.875Z] <<< [apiv2][status] GET https://firebase-public.firebaseio.com/cli.json 200
[debug] [2025-08-09T00:39:44.876Z] <<< [apiv2][body] GET https://firebase-public.firebaseio.com/cli.json {"cloudBuildErrorAfter":1594252800000,"cloudBuildWarnAfter":1590019200000,"defaultNode10After":1594252800000,"minVersion":"3.0.5","node8DeploysDisabledAfter":1613390400000,"node8RuntimeDisabledAfter":1615809600000,"node8WarnAfter":1600128000000}
[debug] [2025-08-09T00:39:45.557Z] <<< [apiv2][status] POST https://cloudresourcemanager.googleapis.com/v1/projects/studia-32dc7:testIamPermissions 200
[debug] [2025-08-09T00:39:45.558Z] <<< [apiv2][body] POST https://cloudresourcemanager.googleapis.com/v1/projects/studia-32dc7:testIamPermissions {"permissions":["firebase.projects.get","firebasehosting.sites.update"]}
[debug] [2025-08-09T00:39:45.558Z] Checked if tokens are valid: true, expires at: 1754703583518
[debug] [2025-08-09T00:39:45.558Z] Checked if tokens are valid: true, expires at: 1754703583518
[debug] [2025-08-09T00:39:45.559Z] >>> [apiv2][query] GET https://firebase.googleapis.com/v1beta1/projects/studia-32dc7 [none]
